<?xml version="1.0" encoding="UTF-8"?>
<coverage generated="1617020315">
  <project timestamp="1617020315">
    <file name="/home/runner/work/TU-training/TU-training/core/App.php">
      <class name="Core\App" namespace="global">
        <metrics complexity="4" methods="2" coveredmethods="0" conditionals="0" coveredconditionals="0" statements="34" coveredstatements="0" elements="36" coveredelements="0"/>
      </class>
      <line num="28" type="method" name="__construct" visibility="public" complexity="1" crap="2" count="0"/>
      <line num="38" type="stmt" count="0"/>
      <line num="39" type="stmt" count="0"/>
      <line num="40" type="stmt" count="0"/>
      <line num="41" type="stmt" count="0"/>
      <line num="42" type="stmt" count="0"/>
      <line num="43" type="stmt" count="0"/>
      <line num="44" type="stmt" count="0"/>
      <line num="45" type="stmt" count="0"/>
      <line num="47" type="method" name="run" visibility="public" complexity="3" crap="12" count="0"/>
      <line num="51" type="stmt" count="0"/>
      <line num="52" type="stmt" count="0"/>
      <line num="54" type="stmt" count="0"/>
      <line num="56" type="stmt" count="0"/>
      <line num="57" type="stmt" count="0"/>
      <line num="59" type="stmt" count="0"/>
      <line num="60" type="stmt" count="0"/>
      <line num="62" type="stmt" count="0"/>
      <line num="63" type="stmt" count="0"/>
      <line num="65" type="stmt" count="0"/>
      <line num="66" type="stmt" count="0"/>
      <line num="68" type="stmt" count="0"/>
      <line num="69" type="stmt" count="0"/>
      <line num="71" type="stmt" count="0"/>
      <line num="74" type="stmt" count="0"/>
      <line num="76" type="stmt" count="0"/>
      <line num="78" type="stmt" count="0"/>
      <line num="79" type="stmt" count="0"/>
      <line num="81" type="stmt" count="0"/>
      <line num="82" type="stmt" count="0"/>
      <line num="83" type="stmt" count="0"/>
      <line num="84" type="stmt" count="0"/>
      <line num="85" type="stmt" count="0"/>
      <line num="86" type="stmt" count="0"/>
      <line num="89" type="stmt" count="0"/>
      <line num="93" type="stmt" count="0"/>
      <metrics loc="98" ncloc="98" classes="1" methods="2" coveredmethods="0" conditionals="0" coveredconditionals="0" statements="34" coveredstatements="0" elements="36" coveredelements="0"/>
    </file>
    <file name="/home/runner/work/TU-training/TU-training/core/Component/Bag.php">
      <class name="Core\Component\Bag" namespace="global">
        <metrics complexity="9" methods="4" coveredmethods="1" conditionals="0" coveredconditionals="0" statements="11" coveredstatements="8" elements="15" coveredelements="9"/>
      </class>
      <line num="11" type="method" name="__construct" visibility="public" complexity="1" crap="1" count="6"/>
      <line num="13" type="stmt" count="6"/>
      <line num="14" type="stmt" count="6"/>
      <line num="16" type="method" name="get" visibility="public" complexity="5" crap="5.20" count="4"/>
      <line num="19" type="stmt" count="4"/>
      <line num="20" type="stmt" count="2"/>
      <line num="23" type="stmt" count="2"/>
      <line num="24" type="stmt" count="0"/>
      <line num="27" type="stmt" count="2"/>
      <line num="31" type="method" name="all" visibility="public" complexity="1" crap="2" count="0"/>
      <line num="33" type="stmt" count="0"/>
      <line num="37" type="method" name="defaultValueIsNotNull" visibility="private" complexity="2" crap="2.15" count="2"/>
      <line num="39" type="stmt" count="2"/>
      <line num="40" type="stmt" count="0"/>
      <line num="42" type="stmt" count="2"/>
      <line num="46" type="stmt" count="1"/>
      <metrics loc="45" ncloc="45" classes="1" methods="4" coveredmethods="1" conditionals="0" coveredconditionals="0" statements="11" coveredstatements="8" elements="15" coveredelements="9"/>
    </file>
    <file name="/home/runner/work/TU-training/TU-training/core/Component/Config/ConfigLoader.php">
      <class name="Core\Component\Config\ConfigLoader" namespace="global">
        <metrics complexity="15" methods="5" coveredmethods="0" conditionals="0" coveredconditionals="0" statements="20" coveredstatements="0" elements="25" coveredelements="0"/>
      </class>
      <line num="16" type="method" name="load" visibility="public" complexity="1" crap="2" count="0"/>
      <line num="17" type="stmt" count="0"/>
      <line num="18" type="stmt" count="0"/>
      <line num="20" type="method" name="get" visibility="public" complexity="2" crap="6" count="0"/>
      <line num="22" type="stmt" count="0"/>
      <line num="23" type="stmt" count="0"/>
      <line num="26" type="stmt" count="0"/>
      <line num="29" type="method" name="views" visibility="public" complexity="4" crap="20" count="0"/>
      <line num="32" type="stmt" count="0"/>
      <line num="33" type="stmt" count="0"/>
      <line num="36" type="stmt" count="0"/>
      <line num="37" type="stmt" count="0"/>
      <line num="40" type="stmt" count="0"/>
      <line num="44" type="method" name="events" visibility="public" complexity="4" crap="20" count="0"/>
      <line num="47" type="stmt" count="0"/>
      <line num="48" type="stmt" count="0"/>
      <line num="51" type="stmt" count="0"/>
      <line num="52" type="stmt" count="0"/>
      <line num="55" type="stmt" count="0"/>
      <line num="58" type="method" name="routes" visibility="public" complexity="4" crap="20" count="0"/>
      <line num="61" type="stmt" count="0"/>
      <line num="62" type="stmt" count="0"/>
      <line num="65" type="stmt" count="0"/>
      <line num="66" type="stmt" count="0"/>
      <line num="69" type="stmt" count="0"/>
      <line num="75" type="stmt" count="0"/>
      <metrics loc="74" ncloc="74" classes="1" methods="5" coveredmethods="0" conditionals="0" coveredconditionals="0" statements="20" coveredstatements="0" elements="25" coveredelements="0"/>
    </file>
    <file name="/home/runner/work/TU-training/TU-training/core/Component/Config/ConfigLoaderException.php">
      <class name="Core\Component\Config\ConfigLoaderException" namespace="global">
        <metrics complexity="2" methods="2" coveredmethods="0" conditionals="0" coveredconditionals="0" statements="3" coveredstatements="0" elements="5" coveredelements="0"/>
      </class>
      <line num="9" type="method" name="__construct" visibility="public" complexity="1" crap="2" count="0"/>
      <line num="11" type="stmt" count="0"/>
      <line num="12" type="stmt" count="0"/>
      <line num="14" type="method" name="__toString" visibility="public" complexity="1" crap="2" count="0"/>
      <line num="16" type="stmt" count="0"/>
      <line num="20" type="stmt" count="0"/>
      <metrics loc="19" ncloc="19" classes="1" methods="2" coveredmethods="0" conditionals="0" coveredconditionals="0" statements="3" coveredstatements="0" elements="5" coveredelements="0"/>
    </file>
    <file name="/home/runner/work/TU-training/TU-training/core/Component/Config/ConfigLoaderInterface.php">
      <line num="10" type="stmt" count="0"/>
      <metrics loc="9" ncloc="9" classes="0" methods="0" coveredmethods="0" conditionals="0" coveredconditionals="0" statements="0" coveredstatements="0" elements="0" coveredelements="0"/>
    </file>
    <file name="/home/runner/work/TU-training/TU-training/core/Component/Container/Container.php">
      <class name="Core\Component\Container\Container" namespace="global">
        <metrics complexity="36" methods="10" coveredmethods="0" conditionals="0" coveredconditionals="0" statements="59" coveredstatements="0" elements="69" coveredelements="0"/>
      </class>
      <line num="16" type="method" name="__construct" visibility="public" complexity="3" crap="12" count="0"/>
      <line num="18" type="stmt" count="0"/>
      <line num="19" type="stmt" count="0"/>
      <line num="22" type="stmt" count="0"/>
      <line num="23" type="stmt" count="0"/>
      <line num="26" type="stmt" count="0"/>
      <line num="28" type="method" name="get" visibility="public" complexity="3" crap="12" count="0"/>
      <line num="30" type="stmt" count="0"/>
      <line num="31" type="stmt" count="0"/>
      <line num="37" type="stmt" count="0"/>
      <line num="38" type="stmt" count="0"/>
      <line num="39" type="stmt" count="0"/>
      <line num="42" type="method" name="has" visibility="public" complexity="1" crap="2" count="0"/>
      <line num="44" type="stmt" count="0"/>
      <line num="47" type="method" name="add" visibility="public" complexity="3" crap="12" count="0"/>
      <line num="49" type="stmt" count="0"/>
      <line num="50" type="stmt" count="0"/>
      <line num="53" type="stmt" count="0"/>
      <line num="54" type="stmt" count="0"/>
      <line num="57" type="stmt" count="0"/>
      <line num="58" type="stmt" count="0"/>
      <line num="60" type="method" name="addMapping" visibility="public" complexity="1" crap="2" count="0"/>
      <line num="62" type="stmt" count="0"/>
      <line num="63" type="stmt" count="0"/>
      <line num="65" type="method" name="instanciate" visibility="public" complexity="1" crap="2" count="0"/>
      <line num="67" type="stmt" count="0"/>
      <line num="68" type="stmt" count="0"/>
      <line num="71" type="method" name="relection" visibility="private" complexity="9" crap="90" count="0"/>
      <line num="73" type="stmt" count="0"/>
      <line num="74" type="stmt" count="0"/>
      <line num="77" type="stmt" count="0"/>
      <line num="78" type="stmt" count="0"/>
      <line num="79" type="stmt" count="0"/>
      <line num="81" type="stmt" count="0"/>
      <line num="83" type="stmt" count="0"/>
      <line num="85" type="stmt" count="0"/>
      <line num="87" type="stmt" count="0"/>
      <line num="88" type="stmt" count="0"/>
      <line num="90" type="stmt" count="0"/>
      <line num="91" type="stmt" count="0"/>
      <line num="94" type="stmt" count="0"/>
      <line num="95" type="stmt" count="0"/>
      <line num="98" type="stmt" count="0"/>
      <line num="99" type="stmt" count="0"/>
      <line num="100" type="stmt" count="0"/>
      <line num="102" type="stmt" count="0"/>
      <line num="105" type="stmt" count="0"/>
      <line num="111" type="stmt" count="0"/>
      <line num="114" type="method" name="interfaceMapping" visibility="private" complexity="9" crap="90" count="0"/>
      <line num="117" type="stmt" count="0"/>
      <line num="119" type="stmt" count="0"/>
      <line num="120" type="stmt" count="0"/>
      <line num="123" type="stmt" count="0"/>
      <line num="124" type="stmt" count="0"/>
      <line num="127" type="stmt" count="0"/>
      <line num="128" type="stmt" count="0"/>
      <line num="131" type="stmt" count="0"/>
      <line num="132" type="stmt" count="0"/>
      <line num="135" type="stmt" count="0"/>
      <line num="136" type="stmt" count="0"/>
      <line num="139" type="stmt" count="0"/>
      <line num="143" type="method" name="giveInstance" visibility="private" complexity="2" crap="6" count="0"/>
      <line num="145" type="stmt" count="0"/>
      <line num="148" type="method" name="serviceByClassName" visibility="public" complexity="4" crap="20" count="0"/>
      <line num="150" type="stmt" count="0"/>
      <line num="152" type="stmt" count="0"/>
      <line num="153" type="stmt" count="0"/>
      <line num="154" type="stmt" count="0"/>
      <line num="158" type="stmt" count="0"/>
      <metrics loc="162" ncloc="159" classes="1" methods="10" coveredmethods="0" conditionals="0" coveredconditionals="0" statements="59" coveredstatements="0" elements="69" coveredelements="0"/>
    </file>
    <file name="/home/runner/work/TU-training/TU-training/core/Component/Container/ContainerDefaultConfig.php">
      <class name="Core\Component\Container\ContainerDefaultConfig" namespace="global">
        <metrics complexity="2" methods="2" coveredmethods="0" conditionals="0" coveredconditionals="0" statements="3" coveredstatements="0" elements="5" coveredelements="0"/>
      </class>
      <line num="8" type="method" name="services" visibility="public" complexity="1" crap="2" count="0"/>
      <line num="12" type="stmt" count="0"/>
      <line num="28" type="stmt" count="0"/>
      <line num="39" type="method" name="mapping" visibility="public" complexity="1" crap="2" count="0"/>
      <line num="42" type="stmt" count="0"/>
      <metrics loc="54" ncloc="54" classes="1" methods="2" coveredmethods="0" conditionals="0" coveredconditionals="0" statements="3" coveredstatements="0" elements="5" coveredelements="0"/>
    </file>
    <file name="/home/runner/work/TU-training/TU-training/core/Component/Controller/ArgumentResolver.php">
      <class name="Core\Component\Controller\ArgumentResolver" namespace="global">
        <metrics complexity="10" methods="3" coveredmethods="2" conditionals="0" coveredconditionals="0" statements="20" coveredstatements="10" elements="23" coveredelements="12"/>
      </class>
      <line num="12" type="method" name="resolve" visibility="public" complexity="2" crap="2" count="1"/>
      <line num="14" type="stmt" count="1"/>
      <line num="15" type="stmt" count="1"/>
      <line num="17" type="stmt" count="1"/>
      <line num="18" type="stmt" count="1"/>
      <line num="21" type="stmt" count="1"/>
      <line num="25" type="method" name="controllerReflection" visibility="private" complexity="1" crap="1" count="1"/>
      <line num="27" type="stmt" count="1"/>
      <line num="28" type="stmt" count="1"/>
      <line num="31" type="method" name="methodRelection" visibility="private" complexity="7" crap="29.30" count="1"/>
      <line num="34" type="stmt" count="1"/>
      <line num="36" type="stmt" count="0"/>
      <line num="37" type="stmt" count="0"/>
      <line num="40" type="stmt" count="1"/>
      <line num="42" type="stmt" count="0"/>
      <line num="43" type="stmt" count="0"/>
      <line num="44" type="stmt" count="0"/>
      <line num="46" type="stmt" count="0"/>
      <line num="47" type="stmt" count="0"/>
      <line num="48" type="stmt" count="0"/>
      <line num="49" type="stmt" count="0"/>
      <line num="51" type="stmt" count="0"/>
      <line num="56" type="stmt" count="1"/>
      <line num="59" type="stmt" count="1"/>
      <metrics loc="58" ncloc="58" classes="1" methods="3" coveredmethods="2" conditionals="0" coveredconditionals="0" statements="20" coveredstatements="10" elements="23" coveredelements="12"/>
    </file>
    <file name="/home/runner/work/TU-training/TU-training/core/Component/Controller/ArgumentResolverInterface.php">
      <line num="10" type="stmt" count="1"/>
      <metrics loc="9" ncloc="9" classes="0" methods="0" coveredmethods="0" conditionals="0" coveredconditionals="0" statements="0" coveredstatements="0" elements="0" coveredelements="0"/>
    </file>
    <file name="/home/runner/work/TU-training/TU-training/core/Component/Controller/BaseController.php">
      <class name="Core\Component\Controller\BaseController" namespace="global">
        <metrics complexity="5" methods="3" coveredmethods="0" conditionals="0" coveredconditionals="0" statements="17" coveredstatements="0" elements="20" coveredelements="0"/>
      </class>
      <line num="12" type="method" name="renderToHtml" visibility="protected" complexity="1" crap="2" count="0"/>
      <line num="14" type="stmt" count="0"/>
      <line num="15" type="stmt" count="0"/>
      <line num="17" type="method" name="renderFromTemplate" visibility="protected" complexity="3" crap="12" count="0"/>
      <line num="20" type="stmt" count="0"/>
      <line num="21" type="stmt" count="0"/>
      <line num="22" type="stmt" count="0"/>
      <line num="25" type="stmt" count="0"/>
      <line num="26" type="stmt" count="0"/>
      <line num="27" type="stmt" count="0"/>
      <line num="30" type="stmt" count="0"/>
      <line num="32" type="stmt" count="0"/>
      <line num="36" type="stmt" count="0"/>
      <line num="37" type="stmt" count="0"/>
      <line num="38" type="stmt" count="0"/>
      <line num="40" type="stmt" count="0"/>
      <line num="43" type="stmt" count="0"/>
      <line num="45" type="stmt" count="0"/>
      <line num="48" type="method" name="getConfig" visibility="protected" complexity="1" crap="2" count="0"/>
      <line num="50" type="stmt" count="0"/>
      <metrics loc="54" ncloc="53" classes="1" methods="3" coveredmethods="0" conditionals="0" coveredconditionals="0" statements="17" coveredstatements="0" elements="20" coveredelements="0"/>
    </file>
    <file name="/home/runner/work/TU-training/TU-training/core/Component/Controller/ControllerCannotSetException.php">
      <class name="Core\Component\Controller\ControllerCannotSetException" namespace="global">
        <metrics complexity="2" methods="2" coveredmethods="0" conditionals="0" coveredconditionals="0" statements="3" coveredstatements="0" elements="5" coveredelements="0"/>
      </class>
      <line num="9" type="method" name="__construct" visibility="public" complexity="1" crap="2" count="0"/>
      <line num="11" type="stmt" count="0"/>
      <line num="12" type="stmt" count="0"/>
      <line num="14" type="method" name="__toString" visibility="public" complexity="1" crap="2" count="0"/>
      <line num="16" type="stmt" count="0"/>
      <line num="20" type="stmt" count="0"/>
      <metrics loc="19" ncloc="19" classes="1" methods="2" coveredmethods="0" conditionals="0" coveredconditionals="0" statements="3" coveredstatements="0" elements="5" coveredelements="0"/>
    </file>
    <file name="/home/runner/work/TU-training/TU-training/core/Component/Controller/ControllerClassNotFoundException.php">
      <class name="Core\Component\Controller\ControllerClassNotFoundException" namespace="global">
        <metrics complexity="2" methods="2" coveredmethods="0" conditionals="0" coveredconditionals="0" statements="3" coveredstatements="0" elements="5" coveredelements="0"/>
      </class>
      <line num="9" type="method" name="__construct" visibility="public" complexity="1" crap="2" count="0"/>
      <line num="11" type="stmt" count="0"/>
      <line num="12" type="stmt" count="0"/>
      <line num="14" type="method" name="__toString" visibility="public" complexity="1" crap="2" count="0"/>
      <line num="16" type="stmt" count="0"/>
      <line num="20" type="stmt" count="0"/>
      <metrics loc="19" ncloc="19" classes="1" methods="2" coveredmethods="0" conditionals="0" coveredconditionals="0" statements="3" coveredstatements="0" elements="5" coveredelements="0"/>
    </file>
    <file name="/home/runner/work/TU-training/TU-training/core/Component/Controller/ControllerException.php">
      <class name="Core\Component\Controller\ControllerException" namespace="global">
        <metrics complexity="2" methods="2" coveredmethods="0" conditionals="0" coveredconditionals="0" statements="3" coveredstatements="0" elements="5" coveredelements="0"/>
      </class>
      <line num="9" type="method" name="__construct" visibility="public" complexity="1" crap="2" count="0"/>
      <line num="11" type="stmt" count="0"/>
      <line num="12" type="stmt" count="0"/>
      <line num="14" type="method" name="__toString" visibility="public" complexity="1" crap="2" count="0"/>
      <line num="16" type="stmt" count="0"/>
      <line num="20" type="stmt" count="0"/>
      <metrics loc="19" ncloc="19" classes="1" methods="2" coveredmethods="0" conditionals="0" coveredconditionals="0" statements="3" coveredstatements="0" elements="5" coveredelements="0"/>
    </file>
    <file name="/home/runner/work/TU-training/TU-training/core/Component/Controller/ControllerMethodNotFoundException.php">
      <class name="Core\Component\Controller\ControllerMethodNotFoundException" namespace="global">
        <metrics complexity="2" methods="2" coveredmethods="0" conditionals="0" coveredconditionals="0" statements="3" coveredstatements="0" elements="5" coveredelements="0"/>
      </class>
      <line num="9" type="method" name="__construct" visibility="public" complexity="1" crap="2" count="0"/>
      <line num="11" type="stmt" count="0"/>
      <line num="12" type="stmt" count="0"/>
      <line num="14" type="method" name="__toString" visibility="public" complexity="1" crap="2" count="0"/>
      <line num="16" type="stmt" count="0"/>
      <line num="20" type="stmt" count="0"/>
      <metrics loc="19" ncloc="19" classes="1" methods="2" coveredmethods="0" conditionals="0" coveredconditionals="0" statements="3" coveredstatements="0" elements="5" coveredelements="0"/>
    </file>
    <file name="/home/runner/work/TU-training/TU-training/core/Component/Controller/ControllerResolver.php">
      <class name="Core\Component\Controller\ControllerResolver" namespace="global">
        <metrics complexity="5" methods="1" coveredmethods="0" conditionals="0" coveredconditionals="0" statements="12" coveredstatements="9" elements="13" coveredelements="9"/>
      </class>
      <line num="11" type="method" name="resolve" visibility="public" complexity="5" crap="5.39" count="2"/>
      <line num="14" type="stmt" count="2"/>
      <line num="15" type="stmt" count="1"/>
      <line num="18" type="stmt" count="1"/>
      <line num="20" type="stmt" count="1"/>
      <line num="21" type="stmt" count="0"/>
      <line num="24" type="stmt" count="1"/>
      <line num="25" type="stmt" count="1"/>
      <line num="27" type="stmt" count="1"/>
      <line num="28" type="stmt" count="0"/>
      <line num="31" type="stmt" count="1"/>
      <line num="32" type="stmt" count="0"/>
      <line num="35" type="stmt" count="1"/>
      <metrics loc="40" ncloc="40" classes="1" methods="1" coveredmethods="0" conditionals="0" coveredconditionals="0" statements="12" coveredstatements="9" elements="13" coveredelements="9"/>
    </file>
    <file name="/home/runner/work/TU-training/TU-training/core/Component/Controller/DefaultController.php">
      <class name="Core\Component\Controller\DefaultController" namespace="global">
        <metrics complexity="1" methods="1" coveredmethods="0" conditionals="0" coveredconditionals="0" statements="4" coveredstatements="0" elements="5" coveredelements="0"/>
      </class>
      <line num="8" type="method" name="index" visibility="public" complexity="1" crap="2" count="0"/>
      <line num="10" type="stmt" count="0"/>
      <line num="11" type="stmt" count="0"/>
      <line num="12" type="stmt" count="0"/>
      <line num="13" type="stmt" count="0"/>
      <metrics loc="15" ncloc="15" classes="1" methods="1" coveredmethods="0" conditionals="0" coveredconditionals="0" statements="4" coveredstatements="0" elements="5" coveredelements="0"/>
    </file>
    <file name="/home/runner/work/TU-training/TU-training/core/Component/EventEmitter/Event.php">
      <class name="Core\Component\EventEmitter\Event" namespace="global">
        <metrics complexity="1" methods="1" coveredmethods="0" conditionals="0" coveredconditionals="0" statements="1" coveredstatements="0" elements="2" coveredelements="0"/>
      </class>
      <line num="10" type="method" name="getData" visibility="public" complexity="1" crap="2" count="0"/>
      <line num="12" type="stmt" count="0"/>
      <line num="15" type="stmt" count="0"/>
      <metrics loc="14" ncloc="14" classes="1" methods="1" coveredmethods="0" conditionals="0" coveredconditionals="0" statements="1" coveredstatements="0" elements="2" coveredelements="0"/>
    </file>
    <file name="/home/runner/work/TU-training/TU-training/core/Component/EventEmitter/Event/ArgumentEvent.php">
      <class name="Core\Component\EventEmitter\Event\ArgumentEvent" namespace="global">
        <metrics complexity="1" methods="1" coveredmethods="0" conditionals="0" coveredconditionals="0" statements="2" coveredstatements="0" elements="3" coveredelements="0"/>
      </class>
      <line num="9" type="method" name="__construct" visibility="public" complexity="1" crap="2" count="0"/>
      <line num="11" type="stmt" count="0"/>
      <line num="12" type="stmt" count="0"/>
      <metrics loc="15" ncloc="15" classes="1" methods="1" coveredmethods="0" conditionals="0" coveredconditionals="0" statements="2" coveredstatements="0" elements="3" coveredelements="0"/>
    </file>
    <file name="/home/runner/work/TU-training/TU-training/core/Component/EventEmitter/Event/ControllerEvent.php">
      <class name="Core\Component\EventEmitter\Event\ControllerEvent" namespace="global">
        <metrics complexity="1" methods="1" coveredmethods="0" conditionals="0" coveredconditionals="0" statements="2" coveredstatements="0" elements="3" coveredelements="0"/>
      </class>
      <line num="9" type="method" name="__construct" visibility="public" complexity="1" crap="2" count="0"/>
      <line num="11" type="stmt" count="0"/>
      <line num="12" type="stmt" count="0"/>
      <line num="13" type="stmt" count="0"/>
      <metrics loc="12" ncloc="12" classes="1" methods="1" coveredmethods="0" conditionals="0" coveredconditionals="0" statements="2" coveredstatements="0" elements="3" coveredelements="0"/>
    </file>
    <file name="/home/runner/work/TU-training/TU-training/core/Component/EventEmitter/Event/RequestEvent.php">
      <class name="Core\Component\EventEmitter\Event\RequestEvent" namespace="global">
        <metrics complexity="1" methods="1" coveredmethods="0" conditionals="0" coveredconditionals="0" statements="2" coveredstatements="0" elements="3" coveredelements="0"/>
      </class>
      <line num="10" type="method" name="__construct" visibility="public" complexity="1" crap="2" count="0"/>
      <line num="12" type="stmt" count="0"/>
      <line num="13" type="stmt" count="0"/>
      <metrics loc="15" ncloc="15" classes="1" methods="1" coveredmethods="0" conditionals="0" coveredconditionals="0" statements="2" coveredstatements="0" elements="3" coveredelements="0"/>
    </file>
    <file name="/home/runner/work/TU-training/TU-training/core/Component/EventEmitter/Event/ResponseEvent.php">
      <class name="Core\Component\EventEmitter\Event\ResponseEvent" namespace="global">
        <metrics complexity="1" methods="1" coveredmethods="0" conditionals="0" coveredconditionals="0" statements="2" coveredstatements="0" elements="3" coveredelements="0"/>
      </class>
      <line num="10" type="method" name="__construct" visibility="public" complexity="1" crap="2" count="0"/>
      <line num="12" type="stmt" count="0"/>
      <line num="13" type="stmt" count="0"/>
      <metrics loc="15" ncloc="15" classes="1" methods="1" coveredmethods="0" conditionals="0" coveredconditionals="0" statements="2" coveredstatements="0" elements="3" coveredelements="0"/>
    </file>
    <file name="/home/runner/work/TU-training/TU-training/core/Component/EventEmitter/Event/RouteEvent.php">
      <class name="Core\Component\EventEmitter\Event\RouteEvent" namespace="global">
        <metrics complexity="1" methods="1" coveredmethods="0" conditionals="0" coveredconditionals="0" statements="2" coveredstatements="0" elements="3" coveredelements="0"/>
      </class>
      <line num="10" type="method" name="__construct" visibility="public" complexity="1" crap="2" count="0"/>
      <line num="12" type="stmt" count="0"/>
      <line num="13" type="stmt" count="0"/>
      <metrics loc="15" ncloc="15" classes="1" methods="1" coveredmethods="0" conditionals="0" coveredconditionals="0" statements="2" coveredstatements="0" elements="3" coveredelements="0"/>
    </file>
    <file name="/home/runner/work/TU-training/TU-training/core/Component/EventEmitter/EventEmitter.php">
      <class name="Core\Component\EventEmitter\EventEmitter" namespace="global">
        <metrics complexity="6" methods="3" coveredmethods="0" conditionals="0" coveredconditionals="0" statements="9" coveredstatements="0" elements="12" coveredelements="0"/>
      </class>
      <line num="10" type="method" name="emit" visibility="public" complexity="3" crap="12" count="0"/>
      <line num="12" type="stmt" count="0"/>
      <line num="13" type="stmt" count="0"/>
      <line num="14" type="stmt" count="0"/>
      <line num="17" type="stmt" count="0"/>
      <line num="19" type="method" name="listen" visibility="public" complexity="2" crap="6" count="0"/>
      <line num="21" type="stmt" count="0"/>
      <line num="22" type="stmt" count="0"/>
      <line num="24" type="stmt" count="0"/>
      <line num="25" type="stmt" count="0"/>
      <line num="28" type="method" name="hasListener" visibility="public" complexity="1" crap="2" count="0"/>
      <line num="30" type="stmt" count="0"/>
      <line num="35" type="stmt" count="0"/>
      <metrics loc="34" ncloc="34" classes="1" methods="3" coveredmethods="0" conditionals="0" coveredconditionals="0" statements="9" coveredstatements="0" elements="12" coveredelements="0"/>
    </file>
    <file name="/home/runner/work/TU-training/TU-training/core/Component/EventEmitter/EventEmitterInterface.php">
      <line num="13" type="stmt" count="0"/>
      <metrics loc="12" ncloc="12" classes="0" methods="0" coveredmethods="0" conditionals="0" coveredconditionals="0" statements="0" coveredstatements="0" elements="0" coveredelements="0"/>
    </file>
    <file name="/home/runner/work/TU-training/TU-training/core/Component/Http/Interfaces/RequestInterface.php">
      <line num="12" type="stmt" count="1"/>
      <metrics loc="11" ncloc="11" classes="0" methods="0" coveredmethods="0" conditionals="0" coveredconditionals="0" statements="0" coveredstatements="0" elements="0" coveredelements="0"/>
    </file>
    <file name="/home/runner/work/TU-training/TU-training/core/Component/Http/Interfaces/ResponseInterface.php">
      <line num="8" type="stmt" count="0"/>
      <metrics loc="7" ncloc="7" classes="0" methods="0" coveredmethods="0" conditionals="0" coveredconditionals="0" statements="0" coveredstatements="0" elements="0" coveredelements="0"/>
    </file>
    <file name="/home/runner/work/TU-training/TU-training/core/Component/Http/Request.php">
      <class name="Core\Component\Http\Request" namespace="global">
        <metrics complexity="6" methods="4" coveredmethods="4" conditionals="0" coveredconditionals="0" statements="20" coveredstatements="20" elements="24" coveredelements="24"/>
      </class>
      <line num="19" type="method" name="__construct" visibility="public" complexity="1" crap="1" count="6"/>
      <line num="21" type="stmt" count="6"/>
      <line num="22" type="stmt" count="6"/>
      <line num="23" type="stmt" count="6"/>
      <line num="24" type="stmt" count="6"/>
      <line num="25" type="stmt" count="6"/>
      <line num="26" type="stmt" count="6"/>
      <line num="27" type="stmt" count="6"/>
      <line num="29" type="method" name="getAll" visibility="public" complexity="1" crap="1" count="2"/>
      <line num="32" type="stmt" count="2"/>
      <line num="33" type="stmt" count="2"/>
      <line num="34" type="stmt" count="2"/>
      <line num="35" type="stmt" count="2"/>
      <line num="36" type="stmt" count="2"/>
      <line num="37" type="stmt" count="2"/>
      <line num="43" type="method" name="getUri" visibility="public" complexity="2" crap="2" count="2"/>
      <line num="45" type="stmt" count="2"/>
      <line num="46" type="stmt" count="1"/>
      <line num="49" type="stmt" count="1"/>
      <line num="50" type="stmt" count="1"/>
      <line num="54" type="method" name="getMethod" visibility="public" complexity="2" crap="2" count="2"/>
      <line num="56" type="stmt" count="2"/>
      <line num="57" type="stmt" count="1"/>
      <line num="60" type="stmt" count="1"/>
      <metrics loc="64" ncloc="64" classes="1" methods="4" coveredmethods="4" conditionals="0" coveredconditionals="0" statements="20" coveredstatements="20" elements="24" coveredelements="24"/>
    </file>
    <file name="/home/runner/work/TU-training/TU-training/core/Component/Http/Response.php">
      <class name="Core\Component\Http\Response" namespace="global">
        <metrics complexity="4" methods="4" coveredmethods="0" conditionals="0" coveredconditionals="0" statements="6" coveredstatements="0" elements="10" coveredelements="0"/>
      </class>
      <line num="80" type="method" name="__construct" visibility="public" complexity="1" crap="2" count="0"/>
      <line num="82" type="stmt" count="0"/>
      <line num="83" type="stmt" count="0"/>
      <line num="84" type="stmt" count="0"/>
      <line num="86" type="method" name="getContent" visibility="public" complexity="1" crap="2" count="0"/>
      <line num="88" type="stmt" count="0"/>
      <line num="91" type="method" name="getStatutCode" visibility="public" complexity="1" crap="2" count="0"/>
      <line num="93" type="stmt" count="0"/>
      <line num="96" type="method" name="__toString" visibility="public" complexity="1" crap="2" count="0"/>
      <line num="98" type="stmt" count="0"/>
      <line num="105" type="stmt" count="0"/>
      <metrics loc="104" ncloc="83" classes="1" methods="4" coveredmethods="0" conditionals="0" coveredconditionals="0" statements="6" coveredstatements="0" elements="10" coveredelements="0"/>
    </file>
    <file name="/home/runner/work/TU-training/TU-training/core/Component/ORM/AbstractDataMapper.php">
      <class name="Core\Component\ORM\AbstractDataMapper" namespace="global">
        <metrics complexity="6" methods="4" coveredmethods="0" conditionals="0" coveredconditionals="0" statements="13" coveredstatements="0" elements="17" coveredelements="0"/>
      </class>
      <line num="17" type="method" name="__construct" visibility="public" complexity="1" crap="2" count="0"/>
      <line num="19" type="stmt" count="0"/>
      <line num="20" type="stmt" count="0"/>
      <line num="22" type="method" name="findById" visibility="public" complexity="2" crap="6" count="0"/>
      <line num="25" type="stmt" count="0"/>
      <line num="27" type="stmt" count="0"/>
      <line num="29" type="stmt" count="0"/>
      <line num="30" type="stmt" count="0"/>
      <line num="33" type="stmt" count="0"/>
      <line num="36" type="method" name="findAll" visibility="public" complexity="2" crap="6" count="0"/>
      <line num="38" type="stmt" count="0"/>
      <line num="40" type="stmt" count="0"/>
      <line num="41" type="stmt" count="0"/>
      <line num="42" type="stmt" count="0"/>
      <line num="45" type="method" name="getTable" visibility="private" complexity="1" crap="2" count="0"/>
      <line num="47" type="stmt" count="0"/>
      <line num="49" type="stmt" count="0"/>
      <metrics loc="54" ncloc="54" classes="1" methods="4" coveredmethods="0" conditionals="0" coveredconditionals="0" statements="13" coveredstatements="0" elements="17" coveredelements="0"/>
    </file>
    <file name="/home/runner/work/TU-training/TU-training/core/Component/ORM/DatabaseStorageInterface.php">
      <metrics loc="29" ncloc="29" classes="0" methods="0" coveredmethods="0" conditionals="0" coveredconditionals="0" statements="0" coveredstatements="0" elements="0" coveredelements="0"/>
    </file>
    <file name="/home/runner/work/TU-training/TU-training/core/Component/ORM/EntityInterface.php">
      <metrics loc="9" ncloc="9" classes="0" methods="0" coveredmethods="0" conditionals="0" coveredconditionals="0" statements="0" coveredstatements="0" elements="0" coveredelements="0"/>
    </file>
    <file name="/home/runner/work/TU-training/TU-training/core/Component/ORM/PDOStorage.php">
      <class name="Core\Component\ORM\PDOStorage" namespace="global">
        <metrics complexity="30" methods="16" coveredmethods="0" conditionals="0" coveredconditionals="0" statements="62" coveredstatements="0" elements="78" coveredelements="0"/>
      </class>
      <line num="19" type="method" name="__construct" visibility="public" complexity="1" crap="2" count="0"/>
      <line num="21" type="stmt" count="0"/>
      <line num="22" type="stmt" count="0"/>
      <line num="23" type="stmt" count="0"/>
      <line num="24" type="stmt" count="0"/>
      <line num="25" type="stmt" count="0"/>
      <line num="27" type="method" name="getStatement" visibility="public" complexity="2" crap="6" count="0"/>
      <line num="29" type="stmt" count="0"/>
      <line num="30" type="stmt" count="0"/>
      <line num="33" type="stmt" count="0"/>
      <line num="36" type="method" name="connect" visibility="public" complexity="3" crap="12" count="0"/>
      <line num="38" type="stmt" count="0"/>
      <line num="39" type="stmt" count="0"/>
      <line num="43" type="stmt" count="0"/>
      <line num="44" type="stmt" count="0"/>
      <line num="45" type="stmt" count="0"/>
      <line num="46" type="stmt" count="0"/>
      <line num="47" type="stmt" count="0"/>
      <line num="50" type="stmt" count="0"/>
      <line num="51" type="stmt" count="0"/>
      <line num="52" type="stmt" count="0"/>
      <line num="54" type="stmt" count="0"/>
      <line num="56" type="method" name="disconnect" visibility="public" complexity="1" crap="2" count="0"/>
      <line num="58" type="stmt" count="0"/>
      <line num="59" type="stmt" count="0"/>
      <line num="61" type="method" name="prepare" visibility="public" complexity="2" crap="6" count="0"/>
      <line num="63" type="stmt" count="0"/>
      <line num="65" type="stmt" count="0"/>
      <line num="67" type="stmt" count="0"/>
      <line num="68" type="stmt" count="0"/>
      <line num="69" type="stmt" count="0"/>
      <line num="73" type="method" name="execute" visibility="public" complexity="2" crap="6" count="0"/>
      <line num="76" type="stmt" count="0"/>
      <line num="78" type="stmt" count="0"/>
      <line num="79" type="stmt" count="0"/>
      <line num="80" type="stmt" count="0"/>
      <line num="84" type="method" name="fetch" visibility="public" complexity="3" crap="12" count="0"/>
      <line num="86" type="stmt" count="0"/>
      <line num="87" type="stmt" count="0"/>
      <line num="91" type="stmt" count="0"/>
      <line num="92" type="stmt" count="0"/>
      <line num="93" type="stmt" count="0"/>
      <line num="97" type="method" name="fetchAll" visibility="public" complexity="3" crap="12" count="0"/>
      <line num="99" type="stmt" count="0"/>
      <line num="100" type="stmt" count="0"/>
      <line num="104" type="stmt" count="0"/>
      <line num="105" type="stmt" count="0"/>
      <line num="106" type="stmt" count="0"/>
      <line num="110" type="method" name="getLastInsertedId" visibility="public" complexity="1" crap="2" count="0"/>
      <line num="112" type="stmt" count="0"/>
      <line num="113" type="stmt" count="0"/>
      <line num="116" type="method" name="setFetchMode" visibility="public" complexity="3" crap="12" count="0"/>
      <line num="118" type="stmt" count="0"/>
      <line num="119" type="stmt" count="0"/>
      <line num="122" type="stmt" count="0"/>
      <line num="126" type="method" name="select" visibility="public" complexity="4" crap="20" count="0"/>
      <line num="128" type="stmt" count="0"/>
      <line num="129" type="stmt" count="0"/>
      <line num="131" type="stmt" count="0"/>
      <line num="133" type="stmt" count="0"/>
      <line num="134" type="stmt" count="0"/>
      <line num="135" type="stmt" count="0"/>
      <line num="136" type="stmt" count="0"/>
      <line num="137" type="stmt" count="0"/>
      <line num="140" type="stmt" count="0"/>
      <line num="144" type="stmt" count="0"/>
      <line num="145" type="stmt" count="0"/>
      <line num="148" type="method" name="query" visibility="public" complexity="1" crap="2" count="0"/>
      <line num="150" type="stmt" count="0"/>
      <line num="151" type="stmt" count="0"/>
      <line num="154" type="method" name="insert" visibility="public" complexity="1" crap="2" count="0"/>
      <line num="157" type="stmt" count="0"/>
      <line num="160" type="method" name="update" visibility="public" complexity="1" crap="2" count="0"/>
      <line num="163" type="stmt" count="0"/>
      <line num="166" type="method" name="save" visibility="public" complexity="1" crap="2" count="0"/>
      <line num="169" type="stmt" count="0"/>
      <line num="172" type="method" name="delete" visibility="public" complexity="1" crap="2" count="0"/>
      <line num="175" type="stmt" count="0"/>
      <metrics loc="178" ncloc="173" classes="1" methods="16" coveredmethods="0" conditionals="0" coveredconditionals="0" statements="62" coveredstatements="0" elements="78" coveredelements="0"/>
    </file>
    <file name="/home/runner/work/TU-training/TU-training/core/Component/Routing/Route.php">
      <class name="Core\Component\Routing\Route" namespace="global">
        <metrics complexity="11" methods="11" coveredmethods="3" conditionals="0" coveredconditionals="0" statements="21" coveredstatements="8" elements="32" coveredelements="11"/>
      </class>
      <line num="14" type="method" name="__construct" visibility="public" complexity="1" crap="1" count="3"/>
      <line num="16" type="stmt" count="3"/>
      <line num="17" type="stmt" count="3"/>
      <line num="18" type="stmt" count="3"/>
      <line num="19" type="stmt" count="3"/>
      <line num="20" type="stmt" count="3"/>
      <line num="21" type="stmt" count="3"/>
      <line num="23" type="method" name="getName" visibility="public" complexity="1" crap="1" count="1"/>
      <line num="25" type="stmt" count="1"/>
      <line num="28" type="method" name="getUri" visibility="public" complexity="1" crap="2" count="0"/>
      <line num="30" type="stmt" count="0"/>
      <line num="33" type="method" name="getCallback" visibility="public" complexity="1" crap="1" count="2"/>
      <line num="35" type="stmt" count="2"/>
      <line num="38" type="method" name="getRegex" visibility="public" complexity="1" crap="2" count="0"/>
      <line num="40" type="stmt" count="0"/>
      <line num="43" type="method" name="getParams" visibility="public" complexity="1" crap="2" count="0"/>
      <line num="45" type="stmt" count="0"/>
      <line num="48" type="method" name="setName" visibility="public" complexity="1" crap="2" count="0"/>
      <line num="50" type="stmt" count="0"/>
      <line num="51" type="stmt" count="0"/>
      <line num="54" type="method" name="setUri" visibility="public" complexity="1" crap="2" count="0"/>
      <line num="56" type="stmt" count="0"/>
      <line num="57" type="stmt" count="0"/>
      <line num="60" type="method" name="setCallback" visibility="public" complexity="1" crap="2" count="0"/>
      <line num="62" type="stmt" count="0"/>
      <line num="63" type="stmt" count="0"/>
      <line num="66" type="method" name="setRegex" visibility="public" complexity="1" crap="2" count="0"/>
      <line num="68" type="stmt" count="0"/>
      <line num="69" type="stmt" count="0"/>
      <line num="72" type="method" name="setParams" visibility="public" complexity="1" crap="2" count="0"/>
      <line num="74" type="stmt" count="0"/>
      <line num="75" type="stmt" count="0"/>
      <metrics loc="79" ncloc="79" classes="1" methods="11" coveredmethods="3" conditionals="0" coveredconditionals="0" statements="21" coveredstatements="8" elements="32" coveredelements="11"/>
    </file>
    <file name="/home/runner/work/TU-training/TU-training/core/Component/Routing/RouteException.php">
      <class name="Core\Component\Routing\RouteException" namespace="global">
        <metrics complexity="2" methods="2" coveredmethods="0" conditionals="0" coveredconditionals="0" statements="3" coveredstatements="0" elements="5" coveredelements="0"/>
      </class>
      <line num="9" type="method" name="__construct" visibility="public" complexity="1" crap="2" count="0"/>
      <line num="11" type="stmt" count="0"/>
      <line num="12" type="stmt" count="0"/>
      <line num="14" type="method" name="__toString" visibility="public" complexity="1" crap="2" count="0"/>
      <line num="16" type="stmt" count="0"/>
      <line num="20" type="stmt" count="0"/>
      <metrics loc="19" ncloc="19" classes="1" methods="2" coveredmethods="0" conditionals="0" coveredconditionals="0" statements="3" coveredstatements="0" elements="5" coveredelements="0"/>
    </file>
    <file name="/home/runner/work/TU-training/TU-training/core/Component/Routing/RouteResolver.php">
      <class name="Core\Component\Routing\RouteResolver" namespace="global">
        <metrics complexity="4" methods="1" coveredmethods="0" conditionals="0" coveredconditionals="0" statements="6" coveredstatements="0" elements="7" coveredelements="0"/>
      </class>
      <line num="13" type="method" name="resolve" visibility="public" complexity="4" crap="20" count="0"/>
      <line num="16" type="stmt" count="0"/>
      <line num="18" type="stmt" count="0"/>
      <line num="19" type="stmt" count="0"/>
      <line num="22" type="stmt" count="0"/>
      <line num="23" type="stmt" count="0"/>
      <line num="26" type="stmt" count="0"/>
      <metrics loc="32" ncloc="32" classes="1" methods="1" coveredmethods="0" conditionals="0" coveredconditionals="0" statements="6" coveredstatements="0" elements="7" coveredelements="0"/>
    </file>
    <file name="/home/runner/work/TU-training/TU-training/core/Component/Routing/RouteResolverInterface.php">
      <metrics loc="10" ncloc="10" classes="0" methods="0" coveredmethods="0" conditionals="0" coveredconditionals="0" statements="0" coveredstatements="0" elements="0" coveredelements="0"/>
    </file>
    <file name="/home/runner/work/TU-training/TU-training/core/Component/Routing/Router.php">
      <class name="Core\Component\Routing\Router" namespace="global">
        <metrics complexity="19" methods="7" coveredmethods="1" conditionals="0" coveredconditionals="0" statements="40" coveredstatements="3" elements="47" coveredelements="4"/>
      </class>
      <line num="12" type="method" name="add" visibility="public" complexity="1" crap="1" count="1"/>
      <line num="14" type="stmt" count="1"/>
      <line num="15" type="stmt" count="1"/>
      <line num="16" type="stmt" count="1"/>
      <line num="19" type="method" name="remove" visibility="public" complexity="2" crap="6" count="0"/>
      <line num="21" type="stmt" count="0"/>
      <line num="22" type="stmt" count="0"/>
      <line num="24" type="stmt" count="0"/>
      <line num="26" type="method" name="search" visibility="public" complexity="2" crap="6" count="0"/>
      <line num="28" type="stmt" count="0"/>
      <line num="29" type="stmt" count="0"/>
      <line num="31" type="stmt" count="0"/>
      <line num="34" type="method" name="match" visibility="public" complexity="4" crap="20" count="0"/>
      <line num="37" type="stmt" count="0"/>
      <line num="39" type="stmt" count="0"/>
      <line num="40" type="stmt" count="0"/>
      <line num="41" type="stmt" count="0"/>
      <line num="45" type="stmt" count="0"/>
      <line num="46" type="stmt" count="0"/>
      <line num="49" type="stmt" count="0"/>
      <line num="54" type="method" name="uriAndRouteCompare" visibility="private" complexity="5" crap="30" count="0"/>
      <line num="56" type="stmt" count="0"/>
      <line num="58" type="stmt" count="0"/>
      <line num="59" type="stmt" count="0"/>
      <line num="60" type="stmt" count="0"/>
      <line num="61" type="stmt" count="0"/>
      <line num="65" type="stmt" count="0"/>
      <line num="66" type="stmt" count="0"/>
      <line num="69" type="stmt" count="0"/>
      <line num="71" type="stmt" count="0"/>
      <line num="72" type="stmt" count="0"/>
      <line num="75" type="stmt" count="0"/>
      <line num="79" type="method" name="determineRouteParams" visibility="private" complexity="4" crap="20" count="0"/>
      <line num="81" type="stmt" count="0"/>
      <line num="82" type="stmt" count="0"/>
      <line num="83" type="stmt" count="0"/>
      <line num="85" type="stmt" count="0"/>
      <line num="86" type="stmt" count="0"/>
      <line num="88" type="stmt" count="0"/>
      <line num="89" type="stmt" count="0"/>
      <line num="90" type="stmt" count="0"/>
      <line num="91" type="stmt" count="0"/>
      <line num="92" type="stmt" count="0"/>
      <line num="96" type="stmt" count="0"/>
      <line num="97" type="stmt" count="0"/>
      <line num="100" type="method" name="getAllRoutes" visibility="public" complexity="1" crap="2" count="0"/>
      <line num="102" type="stmt" count="0"/>
      <metrics loc="105" ncloc="105" classes="1" methods="7" coveredmethods="1" conditionals="0" coveredconditionals="0" statements="40" coveredstatements="3" elements="47" coveredelements="4"/>
    </file>
    <file name="/home/runner/work/TU-training/TU-training/core/tests/Component/Controller/ArgumentResolverTest.php">
      <class name="Core\Tests\Component\Controller\ArgumentResolverTest" namespace="global">
        <metrics complexity="2" methods="2" coveredmethods="1" conditionals="0" coveredconditionals="0" statements="16" coveredstatements="10" elements="18" coveredelements="11"/>
      </class>
      <line num="14" type="method" name="__construct" visibility="public" complexity="1" crap="2" count="0"/>
      <line num="16" type="stmt" count="0"/>
      <line num="18" type="stmt" count="0"/>
      <line num="19" type="stmt" count="0"/>
      <line num="20" type="stmt" count="0"/>
      <line num="21" type="stmt" count="0"/>
      <line num="22" type="stmt" count="0"/>
      <line num="24" type="method" name="testArgumentsResolveReturnEmptyArray" visibility="public" complexity="1" crap="1" count="1"/>
      <line num="26" type="stmt" count="1"/>
      <line num="27" type="stmt" count="1"/>
      <line num="28" type="stmt" count="1"/>
      <line num="30" type="stmt" count="1"/>
      <line num="32" type="stmt" count="1"/>
      <line num="34" type="stmt" count="1"/>
      <line num="37" type="stmt" count="1"/>
      <line num="38" type="stmt" count="1"/>
      <line num="40" type="stmt" count="1"/>
      <line num="42" type="stmt" count="1"/>
      <metrics loc="46" ncloc="46" classes="1" methods="2" coveredmethods="1" conditionals="0" coveredconditionals="0" statements="16" coveredstatements="10" elements="18" coveredelements="11"/>
    </file>
    <file name="/home/runner/work/TU-training/TU-training/core/tests/Component/Controller/ControllerResolverTest.php">
      <class name="Core\Tests\Component\Controller\ControllerResolverTest" namespace="global">
        <metrics complexity="3" methods="3" coveredmethods="2" conditionals="0" coveredconditionals="0" statements="17" coveredstatements="14" elements="20" coveredelements="16"/>
      </class>
      <line num="14" type="method" name="__construct" visibility="public" complexity="1" crap="2" count="0"/>
      <line num="16" type="stmt" count="0"/>
      <line num="18" type="stmt" count="0"/>
      <line num="19" type="stmt" count="0"/>
      <line num="21" type="method" name="testControllerResolveReturnAControllerCallable" visibility="public" complexity="1" crap="1" count="1"/>
      <line num="23" type="stmt" count="1"/>
      <line num="24" type="stmt" count="1"/>
      <line num="25" type="stmt" count="1"/>
      <line num="26" type="stmt" count="1"/>
      <line num="28" type="stmt" count="1"/>
      <line num="29" type="stmt" count="1"/>
      <line num="31" type="stmt" count="1"/>
      <line num="33" type="method" name="testControllerResolveReturnAClosureCallable" visibility="public" complexity="1" crap="1" count="1"/>
      <line num="35" type="stmt" count="1"/>
      <line num="36" type="stmt" count="1"/>
      <line num="37" type="stmt" count="1"/>
      <line num="38" type="stmt" count="1"/>
      <line num="41" type="stmt" count="1"/>
      <line num="42" type="stmt" count="1"/>
      <line num="43" type="stmt" count="1"/>
      <metrics loc="45" ncloc="45" classes="1" methods="3" coveredmethods="2" conditionals="0" coveredconditionals="0" statements="17" coveredstatements="14" elements="20" coveredelements="16"/>
    </file>
    <file name="/home/runner/work/TU-training/TU-training/core/tests/Component/Http/RequestTest.php">
      <class name="Core\Tests\RequestTest" namespace="global">
        <metrics complexity="8" methods="6" coveredmethods="6" conditionals="0" coveredconditionals="0" statements="26" coveredstatements="26" elements="32" coveredelements="32"/>
      </class>
      <line num="11" type="method" name="testGetAllIsArray" visibility="public" complexity="1" crap="1" count="1"/>
      <line num="13" type="stmt" count="1"/>
      <line num="14" type="stmt" count="1"/>
      <line num="15" type="stmt" count="1"/>
      <line num="17" type="method" name="testGetAllCountArray" visibility="public" complexity="1" crap="1" count="1"/>
      <line num="19" type="stmt" count="1"/>
      <line num="20" type="stmt" count="1"/>
      <line num="21" type="stmt" count="1"/>
      <line num="23" type="method" name="testGetUri" visibility="public" complexity="1" crap="1" count="1"/>
      <line num="25" type="stmt" count="1"/>
      <line num="26" type="stmt" count="1"/>
      <line num="27" type="stmt" count="1"/>
      <line num="28" type="stmt" count="1"/>
      <line num="30" type="method" name="testGetUriThrow" visibility="public" complexity="2" crap="2" count="1"/>
      <line num="32" type="stmt" count="1"/>
      <line num="33" type="stmt" count="1"/>
      <line num="35" type="stmt" count="1"/>
      <line num="37" type="stmt" count="1"/>
      <line num="38" type="stmt" count="1"/>
      <line num="40" type="stmt" count="1"/>
      <line num="42" type="method" name="testGetMethod" visibility="public" complexity="1" crap="1" count="1"/>
      <line num="44" type="stmt" count="1"/>
      <line num="45" type="stmt" count="1"/>
      <line num="46" type="stmt" count="1"/>
      <line num="47" type="stmt" count="1"/>
      <line num="49" type="method" name="testGetMethodThrow" visibility="public" complexity="2" crap="2" count="1"/>
      <line num="51" type="stmt" count="1"/>
      <line num="52" type="stmt" count="1"/>
      <line num="54" type="stmt" count="1"/>
      <line num="56" type="stmt" count="1"/>
      <line num="57" type="stmt" count="1"/>
      <line num="59" type="stmt" count="1"/>
      <metrics loc="61" ncloc="61" classes="1" methods="6" coveredmethods="6" conditionals="0" coveredconditionals="0" statements="26" coveredstatements="26" elements="32" coveredelements="32"/>
    </file>
    <file name="/home/runner/work/TU-training/TU-training/core/tests/Component/Routing/RouterTest.php">
      <class name="Core\Tests\RouterTest" namespace="global">
        <metrics complexity="2" methods="2" coveredmethods="1" conditionals="0" coveredconditionals="0" statements="8" coveredstatements="5" elements="10" coveredelements="6"/>
      </class>
      <line num="13" type="method" name="__construct" visibility="public" complexity="1" crap="2" count="0"/>
      <line num="15" type="stmt" count="0"/>
      <line num="17" type="stmt" count="0"/>
      <line num="18" type="stmt" count="0"/>
      <line num="20" type="method" name="testRouterAddRoute" visibility="public" complexity="1" crap="1" count="1"/>
      <line num="22" type="stmt" count="1"/>
      <line num="23" type="stmt" count="1"/>
      <line num="24" type="stmt" count="1"/>
      <line num="25" type="stmt" count="1"/>
      <line num="26" type="stmt" count="1"/>
      <metrics loc="28" ncloc="28" classes="1" methods="2" coveredmethods="1" conditionals="0" coveredconditionals="0" statements="8" coveredstatements="5" elements="10" coveredelements="6"/>
    </file>
    <file name="/home/runner/work/TU-training/TU-training/core/views/_footer.php">
      <line num="1" type="stmt" count="0"/>
      <metrics loc="2" ncloc="2" classes="0" methods="0" coveredmethods="0" conditionals="0" coveredconditionals="0" statements="1" coveredstatements="0" elements="1" coveredelements="0"/>
    </file>
    <file name="/home/runner/work/TU-training/TU-training/core/views/_header.php">
      <line num="1" type="stmt" count="0"/>
      <line num="10" type="stmt" count="0"/>
      <line num="11" type="stmt" count="0"/>
      <line num="28" type="stmt" count="0"/>
      <metrics loc="27" ncloc="27" classes="0" methods="0" coveredmethods="0" conditionals="0" coveredconditionals="0" statements="3" coveredstatements="0" elements="3" coveredelements="0"/>
    </file>
    <file name="/home/runner/work/TU-training/TU-training/core/views/_headerWithoutNav.php">
      <line num="1" type="stmt" count="0"/>
      <line num="10" type="stmt" count="0"/>
      <line num="11" type="stmt" count="0"/>
      <metrics loc="15" ncloc="15" classes="0" methods="0" coveredmethods="0" conditionals="0" coveredconditionals="0" statements="3" coveredstatements="0" elements="3" coveredelements="0"/>
    </file>
    <file name="/home/runner/work/TU-training/TU-training/core/views/bootstap.min.php">
      <line num="1" type="stmt" count="0"/>
      <line num="7" type="stmt" count="0"/>
      <metrics loc="6" ncloc="6" classes="0" methods="0" coveredmethods="0" conditionals="0" coveredconditionals="0" statements="1" coveredstatements="0" elements="1" coveredelements="0"/>
    </file>
    <file name="/home/runner/work/TU-training/TU-training/core/views/default.php">
      <line num="1" type="stmt" count="0"/>
      <line num="5" type="stmt" count="0"/>
      <line num="6" type="stmt" count="0"/>
      <line num="13" type="stmt" count="0"/>
      <metrics loc="14" ncloc="14" classes="0" methods="0" coveredmethods="0" conditionals="0" coveredconditionals="0" statements="4" coveredstatements="0" elements="4" coveredelements="0"/>
    </file>
    <file name="/home/runner/work/TU-training/TU-training/core/views/errors/404.php">
      <line num="1" type="stmt" count="0"/>
      <line num="13" type="stmt" count="0"/>
      <metrics loc="14" ncloc="14" classes="0" methods="0" coveredmethods="0" conditionals="0" coveredconditionals="0" statements="2" coveredstatements="0" elements="2" coveredelements="0"/>
    </file>
    <metrics files="47" loc="1804" ncloc="1774" classes="33" methods="112" coveredmethods="21" conditionals="0" coveredconditionals="0" statements="467" coveredstatements="113" elements="579" coveredelements="134"/>
  </project>
</coverage>
